
*** Running vivado
    with args -log my_UART_tx.vds -m64 -product Vivado -mode batch -messageDb vivado.pb -notrace -source my_UART_tx.tcl


ECHO가 설정되어 있지 않습니다.
ECHO가 설정되어 있지 않습니다.

****** Vivado v2023.2 (64-bit)
  **** SW Build 4029153 on Fri Oct 13 20:14:34 MDT 2023
  **** IP Build 4028589 on Sat Oct 14 00:45:43 MDT 2023
  **** SharedData Build 4025554 on Tue Oct 10 17:18:54 MDT 2023
    ** Copyright 1986-2022 Xilinx, Inc. All Rights Reserved.
    ** Copyright 2022-2023 Advanced Micro Devices, Inc. All Rights Reserved.

source my_UART_tx.tcl -notrace
Command: read_checkpoint -auto_incremental -incremental C:/FPGA_project/my_UART_tx/my_UART_tx.srcs/utils_1/imports/synth_1/my_UART_tx.dcp
INFO: [Vivado 12-5825] Read reference checkpoint from C:/FPGA_project/my_UART_tx/my_UART_tx.srcs/utils_1/imports/synth_1/my_UART_tx.dcp for incremental synthesis
INFO: [Vivado 12-7989] Please ensure there are no constraint changes
Command: synth_design -top my_UART_tx -part xc7z007sclg400-1
Starting synth_design
Attempting to get a license for feature 'Synthesis' and/or device 'xc7z007s'
INFO: [Common 17-349] Got license for feature 'Synthesis' and/or device 'xc7z007s'
INFO: [Device 21-403] Loading part xc7z007sclg400-1
INFO: [Designutils 20-5440] No compile time benefit to using incremental synthesis; A full resynthesis will be run
INFO: [Designutils 20-4379] Flow is switching to default flow due to incremental criteria not met. If you would like to alter this behaviour and have the flow terminate instead, please set the following parameter config_implementation {autoIncr.Synth.RejectBehavior Terminate}
INFO: [Synth 8-7079] Multithreading enabled for synth_design using a maximum of 2 processes.
INFO: [Synth 8-7078] Launching helper process for spawning children vivado processes
INFO: [Synth 8-7075] Helper process launched with PID 7476
---------------------------------------------------------------------------------
Starting RTL Elaboration : Time (s): cpu = 00:00:00 ; elapsed = 00:00:03 . Memory (MB): peak = 1300.973 ; gain = 440.469
---------------------------------------------------------------------------------
WARNING: [Synth 8-6901] identifier 'q' is used before its declaration [C:/FPGA_project/my_UART_tx/my_UART_tx.srcs/sources_1/new/my_shift_register.v:10]
WARNING: [Synth 8-6901] identifier 'q' is used before its declaration [C:/FPGA_project/my_UART_tx/my_UART_tx.srcs/sources_1/new/my_shift_register.v:11]
WARNING: [Synth 8-6901] identifier 'data_8' is used before its declaration [C:/FPGA_project/my_UART_tx/my_UART_tx.srcs/sources_1/new/my_UART_tx.v:24]
INFO: [Synth 8-6157] synthesizing module 'my_UART_tx' [C:/FPGA_project/my_UART_tx/my_UART_tx.srcs/sources_1/new/my_UART_tx.v:3]
INFO: [Synth 8-6157] synthesizing module 'my_115200_timer' [C:/FPGA_project/my_UART_tx/my_UART_tx.srcs/sources_1/new/my_115200_timer.v:3]
INFO: [Synth 8-6155] done synthesizing module 'my_115200_timer' (0#1) [C:/FPGA_project/my_UART_tx/my_UART_tx.srcs/sources_1/new/my_115200_timer.v:3]
INFO: [Synth 8-6157] synthesizing module 'my_transmit_FSM' [C:/FPGA_project/my_UART_tx/my_UART_tx.srcs/sources_1/new/my_transmit_FSM.v:3]
INFO: [Synth 8-155] case statement is not full and has no default [C:/FPGA_project/my_UART_tx/my_UART_tx.srcs/sources_1/new/my_transmit_FSM.v:40]
INFO: [Synth 8-6155] done synthesizing module 'my_transmit_FSM' (0#1) [C:/FPGA_project/my_UART_tx/my_UART_tx.srcs/sources_1/new/my_transmit_FSM.v:3]
INFO: [Synth 8-6157] synthesizing module 'mod10' [C:/FPGA_project/my_UART_tx/my_UART_tx.srcs/sources_1/new/my_mod10_cnt.v:3]
INFO: [Synth 8-6155] done synthesizing module 'mod10' (0#1) [C:/FPGA_project/my_UART_tx/my_UART_tx.srcs/sources_1/new/my_mod10_cnt.v:3]
INFO: [Synth 8-6157] synthesizing module 'shiftReg' [C:/FPGA_project/my_UART_tx/my_UART_tx.srcs/sources_1/new/my_shift_register.v:3]
INFO: [Synth 8-6155] done synthesizing module 'shiftReg' (0#1) [C:/FPGA_project/my_UART_tx/my_UART_tx.srcs/sources_1/new/my_shift_register.v:3]
INFO: [Synth 8-6157] synthesizing module 'parity_gen' [C:/FPGA_project/my_UART_tx/my_UART_tx.srcs/sources_1/new/parity_gen.v:23]
INFO: [Synth 8-6155] done synthesizing module 'parity_gen' (0#1) [C:/FPGA_project/my_UART_tx/my_UART_tx.srcs/sources_1/new/parity_gen.v:23]
INFO: [Synth 8-6155] done synthesizing module 'my_UART_tx' (0#1) [C:/FPGA_project/my_UART_tx/my_UART_tx.srcs/sources_1/new/my_UART_tx.v:3]
WARNING: [Synth 8-7137] Register load_reg in module my_transmit_FSM has both Set and reset with same priority. This may cause simulation mismatches. Consider rewriting code  [C:/FPGA_project/my_UART_tx/my_UART_tx.srcs/sources_1/new/my_transmit_FSM.v:43]
WARNING: [Synth 8-7137] Register shift_reg in module my_transmit_FSM has both Set and reset with same priority. This may cause simulation mismatches. Consider rewriting code  [C:/FPGA_project/my_UART_tx/my_UART_tx.srcs/sources_1/new/my_transmit_FSM.v:44]
WARNING: [Synth 8-7137] Register busy_reg in module my_transmit_FSM has both Set and reset with same priority. This may cause simulation mismatches. Consider rewriting code  [C:/FPGA_project/my_UART_tx/my_UART_tx.srcs/sources_1/new/my_transmit_FSM.v:45]
WARNING: [Synth 8-7137] Register reset_cnt_reg in module my_transmit_FSM has both Set and reset with same priority. This may cause simulation mismatches. Consider rewriting code  [C:/FPGA_project/my_UART_tx/my_UART_tx.srcs/sources_1/new/my_transmit_FSM.v:46]
WARNING: [Synth 8-7137] Register reset_timer_reg in module my_transmit_FSM has both Set and reset with same priority. This may cause simulation mismatches. Consider rewriting code  [C:/FPGA_project/my_UART_tx/my_UART_tx.srcs/sources_1/new/my_transmit_FSM.v:47]
WARNING: [Synth 8-7137] Register increment_reg in module my_transmit_FSM has both Set and reset with same priority. This may cause simulation mismatches. Consider rewriting code  [C:/FPGA_project/my_UART_tx/my_UART_tx.srcs/sources_1/new/my_transmit_FSM.v:48]
---------------------------------------------------------------------------------
Finished RTL Elaboration : Time (s): cpu = 00:00:01 ; elapsed = 00:00:04 . Memory (MB): peak = 1408.410 ; gain = 547.906
---------------------------------------------------------------------------------
---------------------------------------------------------------------------------
Start Handling Custom Attributes
---------------------------------------------------------------------------------
---------------------------------------------------------------------------------
Finished Handling Custom Attributes : Time (s): cpu = 00:00:01 ; elapsed = 00:00:04 . Memory (MB): peak = 1408.410 ; gain = 547.906
---------------------------------------------------------------------------------
---------------------------------------------------------------------------------
Finished RTL Optimization Phase 1 : Time (s): cpu = 00:00:01 ; elapsed = 00:00:04 . Memory (MB): peak = 1408.410 ; gain = 547.906
---------------------------------------------------------------------------------
Netlist sorting complete. Time (s): cpu = 00:00:00 ; elapsed = 00:00:00.001 . Memory (MB): peak = 1408.410 ; gain = 0.000
INFO: [Project 1-570] Preparing netlist for logic optimization

Processing XDC Constraints
Initializing timing engine
Parsing XDC File [C:/FPGA_project/my_UART_tx/my_UART_tx.srcs/constrs_1/new/my_UART_tx.xdc]
Finished Parsing XDC File [C:/FPGA_project/my_UART_tx/my_UART_tx.srcs/constrs_1/new/my_UART_tx.xdc]
INFO: [Project 1-236] Implementation specific constraints were found while reading constraint file [C:/FPGA_project/my_UART_tx/my_UART_tx.srcs/constrs_1/new/my_UART_tx.xdc]. These constraints will be ignored for synthesis but will be used in implementation. Impacted constraints are listed in the file [.Xil/my_UART_tx_propImpl.xdc].
Resolution: To avoid this warning, move constraints listed in [.Xil/my_UART_tx_propImpl.xdc] to another XDC file and exclude this new file from synthesis with the used_in_synthesis property (File Properties dialog in GUI) and re-run elaboration/synthesis.
Completed Processing XDC Constraints

Netlist sorting complete. Time (s): cpu = 00:00:00 ; elapsed = 00:00:00 . Memory (MB): peak = 1437.289 ; gain = 0.000
INFO: [Project 1-111] Unisim Transformation Summary:
No Unisim elements were transformed.

지정된 경로를 찾을 수 없습니다.
Constraint Validation Runtime : Time (s): cpu = 00:00:00 ; elapsed = 00:00:00.002 . Memory (MB): peak = 1437.289 ; gain = 0.000
INFO: [Designutils 20-5440] No compile time benefit to using incremental synthesis; A full resynthesis will be run
INFO: [Designutils 20-4379] Flow is switching to default flow due to incremental criteria not met. If you would like to alter this behaviour and have the flow terminate instead, please set the following parameter config_implementation {autoIncr.Synth.RejectBehavior Terminate}
---------------------------------------------------------------------------------
Finished Constraint Validation : Time (s): cpu = 00:00:01 ; elapsed = 00:00:08 . Memory (MB): peak = 1437.289 ; gain = 576.785
---------------------------------------------------------------------------------
---------------------------------------------------------------------------------
Start Loading Part and Timing Information
---------------------------------------------------------------------------------
Loading part: xc7z007sclg400-1
---------------------------------------------------------------------------------
Finished Loading Part and Timing Information : Time (s): cpu = 00:00:01 ; elapsed = 00:00:08 . Memory (MB): peak = 1437.289 ; gain = 576.785
---------------------------------------------------------------------------------
---------------------------------------------------------------------------------
Start Applying 'set_property' XDC Constraints
---------------------------------------------------------------------------------
---------------------------------------------------------------------------------
Finished applying 'set_property' XDC Constraints : Time (s): cpu = 00:00:01 ; elapsed = 00:00:08 . Memory (MB): peak = 1437.289 ; gain = 576.785
---------------------------------------------------------------------------------
INFO: [Synth 8-802] inferred FSM for state register 'curr_state_reg' in module 'my_transmit_FSM'
---------------------------------------------------------------------------------------------------
                   State |                     New Encoding |                Previous Encoding 
---------------------------------------------------------------------------------------------------
                    IDLE |                            00001 |                              000
                    LOAD |                            00010 |                              001
                   COUNT |                            00100 |                              010
                   SHIFT |                            01000 |                              011
                    WAIT |                            10000 |                              100
---------------------------------------------------------------------------------------------------
INFO: [Synth 8-3354] encoded FSM with state register 'curr_state_reg' using encoding 'one-hot' in module 'my_transmit_FSM'
---------------------------------------------------------------------------------
Finished RTL Optimization Phase 2 : Time (s): cpu = 00:00:01 ; elapsed = 00:00:08 . Memory (MB): peak = 1437.289 ; gain = 576.785
---------------------------------------------------------------------------------
---------------------------------------------------------------------------------
Start RTL Component Statistics 
---------------------------------------------------------------------------------
Detailed RTL Component Info : 
+---Adders : 
	   2 Input   17 Bit       Adders := 1     
	   2 Input    4 Bit       Adders := 1     
+---XORs : 
	   2 Input      1 Bit         XORs := 1     
+---XORs : 
	                8 Bit    Wide XORs := 1     
+---Registers : 
	               17 Bit    Registers := 1     
	               10 Bit    Registers := 1     
	                4 Bit    Registers := 1     
	                1 Bit    Registers := 8     
+---Muxes : 
	   2 Input   17 Bit        Muxes := 2     
	   2 Input   10 Bit        Muxes := 2     
	   5 Input    5 Bit        Muxes := 1     
	   2 Input    5 Bit        Muxes := 4     
	   2 Input    4 Bit        Muxes := 1     
	   5 Input    3 Bit        Muxes := 1     
	   5 Input    1 Bit        Muxes := 7     
	   2 Input    1 Bit        Muxes := 4     
	   3 Input    1 Bit        Muxes := 1     
---------------------------------------------------------------------------------
Finished RTL Component Statistics 
---------------------------------------------------------------------------------
---------------------------------------------------------------------------------
Start Part Resource Summary
---------------------------------------------------------------------------------
Part Resources:
DSPs: 66 (col length:40)
BRAMs: 100 (col length: RAMB18 40 RAMB36 20)
---------------------------------------------------------------------------------
Finished Part Resource Summary
---------------------------------------------------------------------------------
---------------------------------------------------------------------------------
Start Cross Boundary and Area Optimization
---------------------------------------------------------------------------------
WARNING: [Synth 8-7080] Parallel synthesis criteria is not met
---------------------------------------------------------------------------------
Finished Cross Boundary and Area Optimization : Time (s): cpu = 00:00:02 ; elapsed = 00:00:10 . Memory (MB): peak = 1437.289 ; gain = 576.785
---------------------------------------------------------------------------------
---------------------------------------------------------------------------------
Start Applying XDC Timing Constraints
---------------------------------------------------------------------------------
---------------------------------------------------------------------------------
Finished Applying XDC Timing Constraints : Time (s): cpu = 00:00:02 ; elapsed = 00:00:13 . Memory (MB): peak = 1437.289 ; gain = 576.785
---------------------------------------------------------------------------------
---------------------------------------------------------------------------------
Start Timing Optimization
---------------------------------------------------------------------------------
---------------------------------------------------------------------------------
Finished Timing Optimization : Time (s): cpu = 00:00:02 ; elapsed = 00:00:13 . Memory (MB): peak = 1437.289 ; gain = 576.785
---------------------------------------------------------------------------------
---------------------------------------------------------------------------------
Start Technology Mapping
---------------------------------------------------------------------------------
---------------------------------------------------------------------------------
Finished Technology Mapping : Time (s): cpu = 00:00:02 ; elapsed = 00:00:13 . Memory (MB): peak = 1437.289 ; gain = 576.785
---------------------------------------------------------------------------------
---------------------------------------------------------------------------------
Start IO Insertion
---------------------------------------------------------------------------------
---------------------------------------------------------------------------------
Start Flattening Before IO Insertion
---------------------------------------------------------------------------------
---------------------------------------------------------------------------------
Finished Flattening Before IO Insertion
---------------------------------------------------------------------------------
---------------------------------------------------------------------------------
Start Final Netlist Cleanup
---------------------------------------------------------------------------------
---------------------------------------------------------------------------------
Finished Final Netlist Cleanup
---------------------------------------------------------------------------------
---------------------------------------------------------------------------------
Finished IO Insertion : Time (s): cpu = 00:00:03 ; elapsed = 00:00:15 . Memory (MB): peak = 1437.289 ; gain = 576.785
---------------------------------------------------------------------------------
---------------------------------------------------------------------------------
Start Renaming Generated Instances
---------------------------------------------------------------------------------
---------------------------------------------------------------------------------
Finished Renaming Generated Instances : Time (s): cpu = 00:00:03 ; elapsed = 00:00:15 . Memory (MB): peak = 1437.289 ; gain = 576.785
---------------------------------------------------------------------------------
---------------------------------------------------------------------------------
Start Rebuilding User Hierarchy
---------------------------------------------------------------------------------
---------------------------------------------------------------------------------
Finished Rebuilding User Hierarchy : Time (s): cpu = 00:00:03 ; elapsed = 00:00:15 . Memory (MB): peak = 1437.289 ; gain = 576.785
---------------------------------------------------------------------------------
---------------------------------------------------------------------------------
Start Renaming Generated Ports
---------------------------------------------------------------------------------
---------------------------------------------------------------------------------
Finished Renaming Generated Ports : Time (s): cpu = 00:00:03 ; elapsed = 00:00:15 . Memory (MB): peak = 1437.289 ; gain = 576.785
---------------------------------------------------------------------------------
---------------------------------------------------------------------------------
Start Handling Custom Attributes
---------------------------------------------------------------------------------
---------------------------------------------------------------------------------
Finished Handling Custom Attributes : Time (s): cpu = 00:00:03 ; elapsed = 00:00:15 . Memory (MB): peak = 1437.289 ; gain = 576.785
---------------------------------------------------------------------------------
---------------------------------------------------------------------------------
Start Renaming Generated Nets
---------------------------------------------------------------------------------
---------------------------------------------------------------------------------
Finished Renaming Generated Nets : Time (s): cpu = 00:00:03 ; elapsed = 00:00:15 . Memory (MB): peak = 1437.289 ; gain = 576.785
---------------------------------------------------------------------------------
---------------------------------------------------------------------------------
Start Writing Synthesis Report
---------------------------------------------------------------------------------

Report BlackBoxes: 
+-+--------------+----------+
| |BlackBox name |Instances |
+-+--------------+----------+
+-+--------------+----------+

Report Cell Usage: 
+------+-------+------+
|      |Cell   |Count |
+------+-------+------+
|1     |BUFG   |     1|
|2     |CARRY4 |     4|
|3     |LUT2   |    13|
|4     |LUT3   |    24|
|5     |LUT4   |     5|
|6     |LUT5   |     3|
|7     |LUT6   |     6|
|8     |FDCE   |    27|
|9     |FDPE   |     1|
|10    |FDRE   |    10|
|11    |FDSE   |    11|
|12    |IBUF   |     8|
|13    |OBUF   |     2|
+------+-------+------+
---------------------------------------------------------------------------------
Finished Writing Synthesis Report : Time (s): cpu = 00:00:03 ; elapsed = 00:00:15 . Memory (MB): peak = 1437.289 ; gain = 576.785
---------------------------------------------------------------------------------
Synthesis finished with 0 errors, 0 critical warnings and 1 warnings.
Synthesis Optimization Runtime : Time (s): cpu = 00:00:02 ; elapsed = 00:00:14 . Memory (MB): peak = 1437.289 ; gain = 547.906
Synthesis Optimization Complete : Time (s): cpu = 00:00:03 ; elapsed = 00:00:15 . Memory (MB): peak = 1437.289 ; gain = 576.785
INFO: [Project 1-571] Translating synthesized netlist
Netlist sorting complete. Time (s): cpu = 00:00:00 ; elapsed = 00:00:00.001 . Memory (MB): peak = 1437.289 ; gain = 0.000
INFO: [Netlist 29-17] Analyzing 4 Unisim elements for replacement
INFO: [Netlist 29-28] Unisim Transformation completed in 0 CPU seconds
INFO: [Project 1-570] Preparing netlist for logic optimization
INFO: [Opt 31-138] Pushed 0 inverter(s) to 0 load pin(s).
Netlist sorting complete. Time (s): cpu = 00:00:00 ; elapsed = 00:00:00 . Memory (MB): peak = 1439.922 ; gain = 0.000
INFO: [Project 1-111] Unisim Transformation Summary:
No Unisim elements were transformed.

지정된 경로를 찾을 수 없습니다.
Synth Design complete | Checksum: 6989d48d
INFO: [Common 17-83] Releasing license: Synthesis
36 Infos, 10 Warnings, 0 Critical Warnings and 0 Errors encountered.
synth_design completed successfully
synth_design: Time (s): cpu = 00:00:04 ; elapsed = 00:00:18 . Memory (MB): peak = 1439.922 ; gain = 974.461
Write ShapeDB Complete: Time (s): cpu = 00:00:00 ; elapsed = 00:00:00.001 . Memory (MB): peak = 1439.922 ; gain = 0.000
INFO: [Common 17-1381] The checkpoint 'C:/FPGA_project/my_UART_tx/my_UART_tx.runs/synth_1/my_UART_tx.dcp' has been generated.
INFO: [runtcl-4] Executing : report_utilization -file my_UART_tx_utilization_synth.rpt -pb my_UART_tx_utilization_synth.pb
INFO: [Common 17-206] Exiting Vivado at Tue Nov 12 16:33:08 2024...
