Copyright 1986-2022 Xilinx, Inc. All Rights Reserved. Copyright 2022-2023 Advanced Micro Devices, Inc. All Rights Reserved.
---------------------------------------------------------------------------------------------------------------------------------------------
| Tool Version : Vivado v.2023.2 (win64) Build 4029153 Fri Oct 13 20:14:34 MDT 2023
| Date         : Tue Nov 12 16:33:32 2024
| Host         : COMSYS01 running 64-bit major release  (build 9200)
| Command      : report_control_sets -verbose -file my_UART_tx_control_sets_placed.rpt
| Design       : my_UART_tx
| Device       : xc7z007s
---------------------------------------------------------------------------------------------------------------------------------------------

Control Set Information

Table of Contents
-----------------
1. Summary
2. Histogram
3. Flip-Flop Distribution
4. Detailed Control Set Information

1. Summary
----------

+----------------------------------------------------------+-------+
|                          Status                          | Count |
+----------------------------------------------------------+-------+
| Total control sets                                       |     5 |
|    Minimum number of control sets                        |     5 |
|    Addition due to synthesis replication                 |     0 |
|    Addition due to physical synthesis replication        |     0 |
| Unused register locations in slices containing registers |    15 |
+----------------------------------------------------------+-------+
* Control sets can be merged at opt_design using control_set_merge or merge_equivalent_drivers
** Run report_qor_suggestions for automated merging and remapping suggestions


2. Histogram
------------

+--------------------+-------+
|       Fanout       | Count |
+--------------------+-------+
| Total control sets |     5 |
| >= 0 to < 4        |     0 |
| >= 4 to < 6        |     2 |
| >= 6 to < 8        |     1 |
| >= 8 to < 10       |     0 |
| >= 10 to < 12      |     1 |
| >= 12 to < 14      |     0 |
| >= 14 to < 16      |     0 |
| >= 16              |     1 |
+--------------------+-------+
* Control sets can be remapped at either synth_design or opt_design


3. Flip-Flop Distribution
-------------------------

+--------------+-----------------------+------------------------+-----------------+--------------+
| Clock Enable | Synchronous Set/Reset | Asynchronous Set/Reset | Total Registers | Total Slices |
+--------------+-----------------------+------------------------+-----------------+--------------+
| No           | No                    | No                     |               0 |            0 |
| No           | No                    | Yes                    |              19 |            4 |
| No           | Yes                   | No                     |               5 |            1 |
| Yes          | No                    | No                     |               6 |            1 |
| Yes          | No                    | Yes                    |               9 |            2 |
| Yes          | Yes                   | No                     |              10 |            2 |
+--------------+-----------------------+------------------------+-----------------+--------------+


4. Detailed Control Set Information
-----------------------------------

+----------------+------------------------------------+-------------------------+------------------+----------------+--------------+
|  Clock Signal  |            Enable Signal           |     Set/Reset Signal    | Slice Load Count | Bel Load Count | Bels / Slice |
+----------------+------------------------------------+-------------------------+------------------+----------------+--------------+
|  clk_IBUF_BUFG | mod10_0/cnt0_n_0                   | rst_IBUF                |                1 |              4 |         4.00 |
|  clk_IBUF_BUFG | transmit_FSM_0/next_state__0       | rst_IBUF                |                1 |              5 |         5.00 |
|  clk_IBUF_BUFG | transmit_FSM_0/reset_timer_i_1_n_0 |                         |                1 |              6 |         6.00 |
|  clk_IBUF_BUFG | transmit_FSM_0/shift_reg_0         | shiftreg_0/q[9]_i_1_n_0 |                2 |             10 |         5.00 |
|  clk_IBUF_BUFG |                                    | rst_IBUF                |                5 |             24 |         4.80 |
+----------------+------------------------------------+-------------------------+------------------+----------------+--------------+


