Copyright 1986-2022 Xilinx, Inc. All Rights Reserved. Copyright 2022-2023 Advanced Micro Devices, Inc. All Rights Reserved.
---------------------------------------------------------------------------------------------------------------------------------------------
| Tool Version : Vivado v.2023.2 (win64) Build 4029153 Fri Oct 13 20:14:34 MDT 2023
| Date         : Mon Nov 11 16:40:57 2024
| Host         : COMSYS01 running 64-bit major release  (build 9200)
| Command      : report_control_sets -verbose -file my_stopwatch_control_sets_placed.rpt
| Design       : my_stopwatch
| Device       : xc7z007s
---------------------------------------------------------------------------------------------------------------------------------------------

Control Set Information

Table of Contents
-----------------
1. Summary
2. Histogram
3. Flip-Flop Distribution
4. Detailed Control Set Information

1. Summary
----------

+----------------------------------------------------------+-------+
|                          Status                          | Count |
+----------------------------------------------------------+-------+
| Total control sets                                       |     6 |
|    Minimum number of control sets                        |     6 |
|    Addition due to synthesis replication                 |     0 |
|    Addition due to physical synthesis replication        |     0 |
| Unused register locations in slices containing registers |    25 |
+----------------------------------------------------------+-------+
* Control sets can be merged at opt_design using control_set_merge or merge_equivalent_drivers
** Run report_qor_suggestions for automated merging and remapping suggestions


2. Histogram
------------

+--------------------+-------+
|       Fanout       | Count |
+--------------------+-------+
| Total control sets |     6 |
| >= 0 to < 4        |     1 |
| >= 4 to < 6        |     2 |
| >= 6 to < 8        |     1 |
| >= 8 to < 10       |     0 |
| >= 10 to < 12      |     1 |
| >= 12 to < 14      |     0 |
| >= 14 to < 16      |     0 |
| >= 16              |     1 |
+--------------------+-------+
* Control sets can be remapped at either synth_design or opt_design


3. Flip-Flop Distribution
-------------------------

+--------------+-----------------------+------------------------+-----------------+--------------+
| Clock Enable | Synchronous Set/Reset | Asynchronous Set/Reset | Total Registers | Total Slices |
+--------------+-----------------------+------------------------+-----------------+--------------+
| No           | No                    | No                     |              11 |            6 |
| No           | No                    | Yes                    |               0 |            0 |
| No           | Yes                   | No                     |              21 |            6 |
| Yes          | No                    | No                     |               0 |            0 |
| Yes          | No                    | Yes                    |              15 |            4 |
| Yes          | Yes                   | No                     |               0 |            0 |
+--------------+-----------------------+------------------------+-----------------+--------------+


4. Detailed Control Set Information
-----------------------------------

+----------------+------------------------+---------------------------+------------------+----------------+--------------+
|  Clock Signal  |      Enable Signal     |      Set/Reset Signal     | Slice Load Count | Bel Load Count | Bels / Slice |
+----------------+------------------------+---------------------------+------------------+----------------+--------------+
|  tick_0/CLK    |                        |                           |                1 |              1 |         1.00 |
|  tick_0/CLK    | sec_cnt[3]_i_1_n_0     | cnt_clr                   |                1 |              4 |         4.00 |
|  tick_0/CLK    | ten_sec_cnt[3]_i_1_n_0 | cnt_clr                   |                1 |              4 |         4.00 |
|  tick_0/CLK    | csec_cnt[6]_i_1_n_0    | cnt_clr                   |                2 |              7 |         3.50 |
|  clk_IBUF_BUFG |                        |                           |                5 |             10 |         2.00 |
|  clk_IBUF_BUFG |                        | tick_0/counter[0]_i_1_n_0 |                6 |             21 |         3.50 |
+----------------+------------------------+---------------------------+------------------+----------------+--------------+


