
*** Running vivado
    with args -log UART_RX.vds -m64 -product Vivado -mode batch -messageDb vivado.pb -notrace -source UART_RX.tcl



****** Vivado v2024.1 (64-bit)
  **** SW Build 5076996 on Wed May 22 18:37:14 MDT 2024
  **** IP Build 5075265 on Wed May 22 21:45:21 MDT 2024
  **** SharedData Build 5076995 on Wed May 22 18:29:18 MDT 2024
  **** Start of session at: Tue Nov 19 10:40:14 2024
    ** Copyright 1986-2022 Xilinx, Inc. All Rights Reserved.
    ** Copyright 2022-2024 Advanced Micro Devices, Inc. All Rights Reserved.

source UART_RX.tcl -notrace
Command: read_checkpoint -auto_incremental -incremental C:/FPGA_project/my_UART_rx/my_UART_rx.srcs/utils_1/imports/synth_1/UART_RX.dcp
INFO: [Vivado 12-5825] Read reference checkpoint from C:/FPGA_project/my_UART_rx/my_UART_rx.srcs/utils_1/imports/synth_1/UART_RX.dcp for incremental synthesis
INFO: [Vivado 12-7989] Please ensure there are no constraint changes
Command: synth_design -top UART_RX -part xc7z007sclg400-1
Starting synth_design
Attempting to get a license for feature 'Synthesis' and/or device 'xc7z007s'
INFO: [Common 17-349] Got license for feature 'Synthesis' and/or device 'xc7z007s'
INFO: [Device 21-403] Loading part xc7z007sclg400-1
INFO: [Device 21-9227] Part: xc7z007sclg400-1 does not have CEAM library.
INFO: [Designutils 20-5440] No compile time benefit to using incremental synthesis; A full resynthesis will be run
INFO: [Designutils 20-4379] Flow is switching to default flow due to incremental criteria not met. If you would like to alter this behaviour and have the flow terminate instead, please set the following parameter config_implementation {autoIncr.Synth.RejectBehavior Terminate}
INFO: [Synth 8-7079] Multithreading enabled for synth_design using a maximum of 2 processes.
INFO: [Synth 8-7078] Launching helper process for spawning children vivado processes
INFO: [Synth 8-7075] Helper process launched with PID 14464
---------------------------------------------------------------------------------
Starting RTL Elaboration : Time (s): cpu = 00:00:02 ; elapsed = 00:00:03 . Memory (MB): peak = 1374.031 ; gain = 447.711
---------------------------------------------------------------------------------
INFO: [Synth 8-11241] undeclared symbol 'sample', assumed default net type 'wire' [C:/FPGA_project/my_UART_rx/my_UART_rx.srcs/sources_1/new/UART_RX_ctl.v:22]
INFO: [Synth 8-11241] undeclared symbol 'parity', assumed default net type 'wire' [C:/FPGA_project/my_UART_rx/my_UART_rx.srcs/sources_1/new/UART_RX_ctl.v:33]
INFO: [Synth 8-6157] synthesizing module 'UART_RX' [C:/FPGA_project/my_UART_rx/my_UART_rx.srcs/sources_1/new/UART_RX.v:3]
INFO: [Synth 8-6157] synthesizing module 'UART_RX_ctl' [C:/FPGA_project/my_UART_rx/my_UART_rx.srcs/sources_1/new/UART_RX_ctl.v:3]
INFO: [Synth 8-6157] synthesizing module 'reg9' [C:/FPGA_project/my_UART_rx/my_UART_rx.srcs/sources_1/new/reg9.v:23]
INFO: [Synth 8-155] case statement is not full and has no default [C:/FPGA_project/my_UART_rx/my_UART_rx.srcs/sources_1/new/reg9.v:36]
INFO: [Synth 8-6155] done synthesizing module 'reg9' (0#1) [C:/FPGA_project/my_UART_rx/my_UART_rx.srcs/sources_1/new/reg9.v:23]
INFO: [Synth 8-6157] synthesizing module 'CNT_542' [C:/FPGA_project/my_UART_rx/my_UART_rx.srcs/sources_1/new/CNT_31.v:23]
INFO: [Synth 8-6155] done synthesizing module 'CNT_542' (0#1) [C:/FPGA_project/my_UART_rx/my_UART_rx.srcs/sources_1/new/CNT_31.v:23]
INFO: [Synth 8-6157] synthesizing module 'CNT_11' [C:/FPGA_project/my_UART_rx/my_UART_rx.srcs/sources_1/new/CNT_11.v:23]
INFO: [Synth 8-6155] done synthesizing module 'CNT_11' (0#1) [C:/FPGA_project/my_UART_rx/my_UART_rx.srcs/sources_1/new/CNT_11.v:23]
INFO: [Synth 8-6157] synthesizing module 'my_fsm' [C:/FPGA_project/my_UART_rx/my_UART_rx.srcs/sources_1/new/my_fsm.v:4]
INFO: [Synth 8-6155] done synthesizing module 'my_fsm' (0#1) [C:/FPGA_project/my_UART_rx/my_UART_rx.srcs/sources_1/new/my_fsm.v:4]
INFO: [Synth 8-6155] done synthesizing module 'UART_RX_ctl' (0#1) [C:/FPGA_project/my_UART_rx/my_UART_rx.srcs/sources_1/new/UART_RX_ctl.v:3]
INFO: [Synth 8-6157] synthesizing module 'my_display' [C:/FPGA_project/my_UART_rx/my_UART_rx.srcs/sources_1/new/disp.v:3]
INFO: [Synth 8-226] default block is never used [C:/FPGA_project/my_UART_rx/my_UART_rx.srcs/sources_1/new/disp.v:34]
INFO: [Synth 8-6155] done synthesizing module 'my_display' (0#1) [C:/FPGA_project/my_UART_rx/my_UART_rx.srcs/sources_1/new/disp.v:3]
INFO: [Synth 8-6157] synthesizing module 'my_tick_gen' [C:/FPGA_project/my_UART_rx/my_UART_rx.srcs/sources_1/new/my_tick_gen.v:23]
INFO: [Synth 8-6155] done synthesizing module 'my_tick_gen' (0#1) [C:/FPGA_project/my_UART_rx/my_UART_rx.srcs/sources_1/new/my_tick_gen.v:23]
INFO: [Synth 8-6155] done synthesizing module 'UART_RX' (0#1) [C:/FPGA_project/my_UART_rx/my_UART_rx.srcs/sources_1/new/UART_RX.v:3]
WARNING: [Synth 8-7137] Register CNT_542_rst_reg in module my_fsm has both Set and reset with same priority. This may cause simulation mismatches. Consider rewriting code  [C:/FPGA_project/my_UART_rx/my_UART_rx.srcs/sources_1/new/my_fsm.v:44]
WARNING: [Synth 8-7137] Register CNT_11_rst_reg in module my_fsm has both Set and reset with same priority. This may cause simulation mismatches. Consider rewriting code  [C:/FPGA_project/my_UART_rx/my_UART_rx.srcs/sources_1/new/my_fsm.v:45]
WARNING: [Synth 8-7137] Register CNT_542_up_reg in module my_fsm has both Set and reset with same priority. This may cause simulation mismatches. Consider rewriting code  [C:/FPGA_project/my_UART_rx/my_UART_rx.srcs/sources_1/new/my_fsm.v:46]
WARNING: [Synth 8-7137] Register CNT_11_up_reg in module my_fsm has both Set and reset with same priority. This may cause simulation mismatches. Consider rewriting code  [C:/FPGA_project/my_UART_rx/my_UART_rx.srcs/sources_1/new/my_fsm.v:47]
WARNING: [Synth 8-7137] Register Rx_rdy_reg in module my_fsm has both Set and reset with same priority. This may cause simulation mismatches. Consider rewriting code  [C:/FPGA_project/my_UART_rx/my_UART_rx.srcs/sources_1/new/my_fsm.v:48]
WARNING: [Synth 8-7137] Register sample_reg in module my_fsm has both Set and reset with same priority. This may cause simulation mismatches. Consider rewriting code  [C:/FPGA_project/my_UART_rx/my_UART_rx.srcs/sources_1/new/my_fsm.v:49]
WARNING: [Synth 8-7129] Port Rx_rdy in module my_display is either unconnected or has no load
---------------------------------------------------------------------------------
Finished RTL Elaboration : Time (s): cpu = 00:00:02 ; elapsed = 00:00:04 . Memory (MB): peak = 1484.855 ; gain = 558.535
---------------------------------------------------------------------------------
---------------------------------------------------------------------------------
Start Handling Custom Attributes
---------------------------------------------------------------------------------
---------------------------------------------------------------------------------
Finished Handling Custom Attributes : Time (s): cpu = 00:00:02 ; elapsed = 00:00:04 . Memory (MB): peak = 1484.855 ; gain = 558.535
---------------------------------------------------------------------------------
---------------------------------------------------------------------------------
Finished RTL Optimization Phase 1 : Time (s): cpu = 00:00:02 ; elapsed = 00:00:04 . Memory (MB): peak = 1484.855 ; gain = 558.535
---------------------------------------------------------------------------------
Netlist sorting complete. Time (s): cpu = 00:00:00 ; elapsed = 00:00:00.001 . Memory (MB): peak = 1484.855 ; gain = 0.000
INFO: [Project 1-570] Preparing netlist for logic optimization

Processing XDC Constraints
Initializing timing engine
Parsing XDC File [C:/FPGA_project/my_UART_rx/my_UART_rx.srcs/constrs_1/new/my_UART_rx.xdc]
Finished Parsing XDC File [C:/FPGA_project/my_UART_rx/my_UART_rx.srcs/constrs_1/new/my_UART_rx.xdc]
INFO: [Project 1-236] Implementation specific constraints were found while reading constraint file [C:/FPGA_project/my_UART_rx/my_UART_rx.srcs/constrs_1/new/my_UART_rx.xdc]. These constraints will be ignored for synthesis but will be used in implementation. Impacted constraints are listed in the file [.Xil/UART_RX_propImpl.xdc].
Resolution: To avoid this warning, move constraints listed in [.Xil/UART_RX_propImpl.xdc] to another XDC file and exclude this new file from synthesis with the used_in_synthesis property (File Properties dialog in GUI) and re-run elaboration/synthesis.
Completed Processing XDC Constraints

Netlist sorting complete. Time (s): cpu = 00:00:00 ; elapsed = 00:00:00 . Memory (MB): peak = 1584.242 ; gain = 0.000
INFO: [Project 1-111] Unisim Transformation Summary:
No Unisim elements were transformed.

Constraint Validation Runtime : Time (s): cpu = 00:00:00 ; elapsed = 00:00:00.001 . Memory (MB): peak = 1584.242 ; gain = 0.000
INFO: [Designutils 20-5440] No compile time benefit to using incremental synthesis; A full resynthesis will be run
INFO: [Designutils 20-4379] Flow is switching to default flow due to incremental criteria not met. If you would like to alter this behaviour and have the flow terminate instead, please set the following parameter config_implementation {autoIncr.Synth.RejectBehavior Terminate}
---------------------------------------------------------------------------------
Finished Constraint Validation : Time (s): cpu = 00:00:04 ; elapsed = 00:00:08 . Memory (MB): peak = 1584.242 ; gain = 657.922
---------------------------------------------------------------------------------
---------------------------------------------------------------------------------
Start Loading Part and Timing Information
---------------------------------------------------------------------------------
Loading part: xc7z007sclg400-1
---------------------------------------------------------------------------------
Finished Loading Part and Timing Information : Time (s): cpu = 00:00:04 ; elapsed = 00:00:08 . Memory (MB): peak = 1584.242 ; gain = 657.922
---------------------------------------------------------------------------------
---------------------------------------------------------------------------------
Start Applying 'set_property' XDC Constraints
---------------------------------------------------------------------------------
---------------------------------------------------------------------------------
Finished applying 'set_property' XDC Constraints : Time (s): cpu = 00:00:04 ; elapsed = 00:00:08 . Memory (MB): peak = 1584.242 ; gain = 657.922
---------------------------------------------------------------------------------
INFO: [Synth 8-802] inferred FSM for state register 'curr_state_reg' in module 'my_fsm'
---------------------------------------------------------------------------------------------------
                   State |                     New Encoding |                Previous Encoding 
---------------------------------------------------------------------------------------------------
                    IDLE |                               00 |                               00
                   READY |                               01 |                               01
                  SAMPLE |                               10 |                               10
         COUNTER_542_RST |                               11 |                               11
---------------------------------------------------------------------------------------------------
INFO: [Synth 8-3354] encoded FSM with state register 'curr_state_reg' using encoding 'sequential' in module 'my_fsm'
---------------------------------------------------------------------------------
Finished RTL Optimization Phase 2 : Time (s): cpu = 00:00:04 ; elapsed = 00:00:08 . Memory (MB): peak = 1584.242 ; gain = 657.922
---------------------------------------------------------------------------------
---------------------------------------------------------------------------------
Start RTL Component Statistics 
---------------------------------------------------------------------------------
Detailed RTL Component Info : 
+---Adders : 
	   2 Input   11 Bit       Adders := 1     
	   2 Input    4 Bit       Adders := 1     
+---XORs : 
	   2 Input      1 Bit         XORs := 1     
+---XORs : 
	                8 Bit    Wide XORs := 1     
+---Registers : 
	               11 Bit    Registers := 1     
	                9 Bit    Registers := 1     
	                4 Bit    Registers := 1     
	                1 Bit    Registers := 7     
+---Muxes : 
	   2 Input   11 Bit        Muxes := 1     
	   2 Input    4 Bit        Muxes := 3     
	   4 Input    2 Bit        Muxes := 1     
	   2 Input    2 Bit        Muxes := 2     
	   3 Input    2 Bit        Muxes := 1     
	   2 Input    1 Bit        Muxes := 3     
	   4 Input    1 Bit        Muxes := 4     
---------------------------------------------------------------------------------
Finished RTL Component Statistics 
---------------------------------------------------------------------------------
---------------------------------------------------------------------------------
Start Part Resource Summary
---------------------------------------------------------------------------------
Part Resources:
DSPs: 66 (col length:40)
BRAMs: 100 (col length: RAMB18 40 RAMB36 20)
---------------------------------------------------------------------------------
Finished Part Resource Summary
---------------------------------------------------------------------------------
---------------------------------------------------------------------------------
Start Cross Boundary and Area Optimization
---------------------------------------------------------------------------------
WARNING: [Synth 8-7080] Parallel synthesis criteria is not met
---------------------------------------------------------------------------------
Finished Cross Boundary and Area Optimization : Time (s): cpu = 00:00:05 ; elapsed = 00:00:10 . Memory (MB): peak = 1584.242 ; gain = 657.922
---------------------------------------------------------------------------------
---------------------------------------------------------------------------------
Start Applying XDC Timing Constraints
---------------------------------------------------------------------------------
---------------------------------------------------------------------------------
Finished Applying XDC Timing Constraints : Time (s): cpu = 00:00:06 ; elapsed = 00:00:13 . Memory (MB): peak = 1584.242 ; gain = 657.922
---------------------------------------------------------------------------------
---------------------------------------------------------------------------------
Start Timing Optimization
---------------------------------------------------------------------------------
---------------------------------------------------------------------------------
Finished Timing Optimization : Time (s): cpu = 00:00:06 ; elapsed = 00:00:13 . Memory (MB): peak = 1584.242 ; gain = 657.922
---------------------------------------------------------------------------------
---------------------------------------------------------------------------------
Start Technology Mapping
---------------------------------------------------------------------------------
---------------------------------------------------------------------------------
Finished Technology Mapping : Time (s): cpu = 00:00:06 ; elapsed = 00:00:13 . Memory (MB): peak = 1584.242 ; gain = 657.922
---------------------------------------------------------------------------------
---------------------------------------------------------------------------------
Start IO Insertion
---------------------------------------------------------------------------------
---------------------------------------------------------------------------------
Start Flattening Before IO Insertion
---------------------------------------------------------------------------------
---------------------------------------------------------------------------------
Finished Flattening Before IO Insertion
---------------------------------------------------------------------------------
---------------------------------------------------------------------------------
Start Final Netlist Cleanup
---------------------------------------------------------------------------------
---------------------------------------------------------------------------------
Finished Final Netlist Cleanup
---------------------------------------------------------------------------------
---------------------------------------------------------------------------------
Finished IO Insertion : Time (s): cpu = 00:00:07 ; elapsed = 00:00:16 . Memory (MB): peak = 1584.242 ; gain = 657.922
---------------------------------------------------------------------------------
---------------------------------------------------------------------------------
Start Renaming Generated Instances
---------------------------------------------------------------------------------
---------------------------------------------------------------------------------
Finished Renaming Generated Instances : Time (s): cpu = 00:00:07 ; elapsed = 00:00:16 . Memory (MB): peak = 1584.242 ; gain = 657.922
---------------------------------------------------------------------------------
---------------------------------------------------------------------------------
Start Rebuilding User Hierarchy
---------------------------------------------------------------------------------
---------------------------------------------------------------------------------
Finished Rebuilding User Hierarchy : Time (s): cpu = 00:00:07 ; elapsed = 00:00:16 . Memory (MB): peak = 1584.242 ; gain = 657.922
---------------------------------------------------------------------------------
---------------------------------------------------------------------------------
Start Renaming Generated Ports
---------------------------------------------------------------------------------
---------------------------------------------------------------------------------
Finished Renaming Generated Ports : Time (s): cpu = 00:00:07 ; elapsed = 00:00:16 . Memory (MB): peak = 1584.242 ; gain = 657.922
---------------------------------------------------------------------------------
---------------------------------------------------------------------------------
Start Handling Custom Attributes
---------------------------------------------------------------------------------
---------------------------------------------------------------------------------
Finished Handling Custom Attributes : Time (s): cpu = 00:00:07 ; elapsed = 00:00:16 . Memory (MB): peak = 1584.242 ; gain = 657.922
---------------------------------------------------------------------------------
---------------------------------------------------------------------------------
Start Renaming Generated Nets
---------------------------------------------------------------------------------
---------------------------------------------------------------------------------
Finished Renaming Generated Nets : Time (s): cpu = 00:00:07 ; elapsed = 00:00:16 . Memory (MB): peak = 1584.242 ; gain = 657.922
---------------------------------------------------------------------------------
---------------------------------------------------------------------------------
Start Writing Synthesis Report
---------------------------------------------------------------------------------

Report BlackBoxes: 
+-+--------------+----------+
| |BlackBox name |Instances |
+-+--------------+----------+
+-+--------------+----------+

Report Cell Usage: 
+------+-------+------+
|      |Cell   |Count |
+------+-------+------+
|1     |BUFG   |     1|
|2     |CARRY4 |     6|
|3     |LUT1   |     2|
|4     |LUT2   |     9|
|5     |LUT3   |    11|
|6     |LUT4   |    11|
|7     |LUT5   |     6|
|8     |LUT6   |    28|
|9     |FDCE   |    27|
|10    |FDRE   |    28|
|11    |IBUF   |     3|
|12    |OBUF   |     9|
+------+-------+------+
---------------------------------------------------------------------------------
Finished Writing Synthesis Report : Time (s): cpu = 00:00:07 ; elapsed = 00:00:16 . Memory (MB): peak = 1584.242 ; gain = 657.922
---------------------------------------------------------------------------------
Synthesis finished with 0 errors, 0 critical warnings and 1 warnings.
Synthesis Optimization Runtime : Time (s): cpu = 00:00:04 ; elapsed = 00:00:15 . Memory (MB): peak = 1584.242 ; gain = 558.535
Synthesis Optimization Complete : Time (s): cpu = 00:00:07 ; elapsed = 00:00:16 . Memory (MB): peak = 1584.242 ; gain = 657.922
INFO: [Project 1-571] Translating synthesized netlist
Netlist sorting complete. Time (s): cpu = 00:00:00 ; elapsed = 00:00:00 . Memory (MB): peak = 1584.242 ; gain = 0.000
INFO: [Netlist 29-17] Analyzing 6 Unisim elements for replacement
INFO: [Netlist 29-28] Unisim Transformation completed in 0 CPU seconds
INFO: [Project 1-570] Preparing netlist for logic optimization
INFO: [Opt 31-138] Pushed 0 inverter(s) to 0 load pin(s).
Netlist sorting complete. Time (s): cpu = 00:00:00 ; elapsed = 00:00:00 . Memory (MB): peak = 1584.242 ; gain = 0.000
INFO: [Project 1-111] Unisim Transformation Summary:
No Unisim elements were transformed.

Synth Design complete | Checksum: 90c5ccbe
INFO: [Common 17-83] Releasing license: Synthesis
44 Infos, 8 Warnings, 0 Critical Warnings and 0 Errors encountered.
synth_design completed successfully
synth_design: Time (s): cpu = 00:00:09 ; elapsed = 00:00:19 . Memory (MB): peak = 1584.242 ; gain = 1060.848
Write ShapeDB Complete: Time (s): cpu = 00:00:00 ; elapsed = 00:00:00.001 . Memory (MB): peak = 1584.242 ; gain = 0.000
INFO: [Common 17-1381] The checkpoint 'C:/FPGA_project/my_UART_rx/my_UART_rx.runs/synth_1/UART_RX.dcp' has been generated.
INFO: [Vivado 12-24828] Executing command : report_utilization -file UART_RX_utilization_synth.rpt -pb UART_RX_utilization_synth.pb
INFO: [Common 17-206] Exiting Vivado at Tue Nov 19 10:40:40 2024...
