Copyright 1986-2022 Xilinx, Inc. All Rights Reserved. Copyright 2022-2023 Advanced Micro Devices, Inc. All Rights Reserved.
------------------------------------------------------------------------------------------------------------------------------------------------------------------------------------------------------------------
| Tool Version : Vivado v.2023.2 (win64) Build 4029153 Fri Oct 13 20:14:34 MDT 2023
| Date         : Mon Oct 14 10:34:39 2024
| Host         : COMSYS01 running 64-bit major release  (build 9200)
| Command      : report_timing_summary -max_paths 10 -report_unconstrained -file my_comp_timing_summary_routed.rpt -pb my_comp_timing_summary_routed.pb -rpx my_comp_timing_summary_routed.rpx -warn_on_violation
| Design       : my_comp
| Device       : 7z007s-clg400
| Speed File   : -1  PRODUCTION 1.12 2019-11-22
| Design State : Routed
------------------------------------------------------------------------------------------------------------------------------------------------------------------------------------------------------------------

Timing Summary Report

------------------------------------------------------------------------------------------------
| Timer Settings
| --------------
------------------------------------------------------------------------------------------------

  Enable Multi Corner Analysis               :  Yes
  Enable Pessimism Removal                   :  Yes
  Pessimism Removal Resolution               :  Nearest Common Node
  Enable Input Delay Default Clock           :  No
  Enable Preset / Clear Arcs                 :  No
  Disable Flight Delays                      :  No
  Ignore I/O Paths                           :  No
  Timing Early Launch at Borrowing Latches   :  No
  Borrow Time for Max Delay Exceptions       :  Yes
  Merge Timing Exceptions                    :  Yes
  Inter-SLR Compensation                     :  Conservative

  Corner  Analyze    Analyze    
  Name    Max Paths  Min Paths  
  ------  ---------  ---------  
  Slow    Yes        Yes        
  Fast    Yes        Yes        


------------------------------------------------------------------------------------------------
| Report Methodology
| ------------------
------------------------------------------------------------------------------------------------

No report available as report_methodology has not been run prior. Run report_methodology on the current design for the summary of methodology violations.



check_timing report

Table of Contents
-----------------
1. checking no_clock (0)
2. checking constant_clock (0)
3. checking pulse_width_clock (0)
4. checking unconstrained_internal_endpoints (0)
5. checking no_input_delay (0)
6. checking no_output_delay (0)
7. checking multiple_clock (0)
8. checking generated_clocks (0)
9. checking loops (0)
10. checking partial_input_delay (0)
11. checking partial_output_delay (0)
12. checking latch_loops (0)

1. checking no_clock (0)
------------------------
 There are 0 register/latch pins with no clock.


2. checking constant_clock (0)
------------------------------
 There are 0 register/latch pins with constant_clock.


3. checking pulse_width_clock (0)
---------------------------------
 There are 0 register/latch pins which need pulse_width check


4. checking unconstrained_internal_endpoints (0)
------------------------------------------------
 There are 0 pins that are not constrained for maximum delay.

 There are 0 pins that are not constrained for maximum delay due to constant clock.


5. checking no_input_delay (0)
------------------------------
 There are 0 input ports with no input delay specified.

 There are 0 input ports with no input delay but user has a false path constraint.


6. checking no_output_delay (0)
-------------------------------
 There are 0 ports with no output delay specified.

 There are 0 ports with no output delay but user has a false path constraint

 There are 0 ports with no output delay but with a timing clock defined on it or propagating through it


7. checking multiple_clock (0)
------------------------------
 There are 0 register/latch pins with multiple clocks.


8. checking generated_clocks (0)
--------------------------------
 There are 0 generated clocks that are not connected to a clock source.


9. checking loops (0)
---------------------
 There are 0 combinational loops in the design.


10. checking partial_input_delay (0)
------------------------------------
 There are 0 input ports with partial input delay specified.


11. checking partial_output_delay (0)
-------------------------------------
 There are 0 ports with partial output delay specified.


12. checking latch_loops (0)
----------------------------
 There are 0 combinational latch loops in the design through latch input



------------------------------------------------------------------------------------------------
| Design Timing Summary
| ---------------------
------------------------------------------------------------------------------------------------

    WNS(ns)      TNS(ns)  TNS Failing Endpoints  TNS Total Endpoints      WHS(ns)      THS(ns)  THS Failing Endpoints  THS Total Endpoints     WPWS(ns)     TPWS(ns)  TPWS Failing Endpoints  TPWS Total Endpoints  
    -------      -------  ---------------------  -------------------      -------      -------  ---------------------  -------------------     --------     --------  ----------------------  --------------------  
        inf        0.000                      0                    3          inf        0.000                      0                    3           NA           NA                      NA                    NA  


There are no user specified timing constraints.


------------------------------------------------------------------------------------------------
| Clock Summary
| -------------
------------------------------------------------------------------------------------------------


------------------------------------------------------------------------------------------------
| Intra Clock Table
| -----------------
------------------------------------------------------------------------------------------------

Clock             WNS(ns)      TNS(ns)  TNS Failing Endpoints  TNS Total Endpoints      WHS(ns)      THS(ns)  THS Failing Endpoints  THS Total Endpoints     WPWS(ns)     TPWS(ns)  TPWS Failing Endpoints  TPWS Total Endpoints  
-----             -------      -------  ---------------------  -------------------      -------      -------  ---------------------  -------------------     --------     --------  ----------------------  --------------------  


------------------------------------------------------------------------------------------------
| Inter Clock Table
| -----------------
------------------------------------------------------------------------------------------------

From Clock    To Clock          WNS(ns)      TNS(ns)  TNS Failing Endpoints  TNS Total Endpoints      WHS(ns)      THS(ns)  THS Failing Endpoints  THS Total Endpoints  
----------    --------          -------      -------  ---------------------  -------------------      -------      -------  ---------------------  -------------------  


------------------------------------------------------------------------------------------------
| Other Path Groups Table
| -----------------------
------------------------------------------------------------------------------------------------

Path Group    From Clock    To Clock          WNS(ns)      TNS(ns)  TNS Failing Endpoints  TNS Total Endpoints      WHS(ns)      THS(ns)  THS Failing Endpoints  THS Total Endpoints  
----------    ----------    --------          -------      -------  ---------------------  -------------------      -------      -------  ---------------------  -------------------  


------------------------------------------------------------------------------------------------
| User Ignored Path Table
| -----------------------
------------------------------------------------------------------------------------------------

Path Group    From Clock    To Clock    
----------    ----------    --------    


------------------------------------------------------------------------------------------------
| Unconstrained Path Table
| ------------------------
------------------------------------------------------------------------------------------------

Path Group    From Clock    To Clock    
----------    ----------    --------    
(none)                                    


------------------------------------------------------------------------------------------------
| Timing Details
| --------------
------------------------------------------------------------------------------------------------


--------------------------------------------------------------------------------------
Path Group:  (none)
From Clock:  
  To Clock:  

Max Delay             3 Endpoints
Min Delay             3 Endpoints
--------------------------------------------------------------------------------------


Max Delay Paths
--------------------------------------------------------------------------------------
Slack:                    inf
  Source:                 A[0]
                            (input port)
  Destination:            E
                            (output port)
  Path Group:             (none)
  Path Type:              Max at Slow Process Corner
  Data Path Delay:        10.006ns  (logic 5.376ns (53.733%)  route 4.629ns (46.267%))
  Logic Levels:           3  (IBUF=1 LUT4=1 OBUF=1)

    Location             Delay type                Incr(ns)  Path(ns)    Netlist Resource(s)
  -------------------------------------------------------------------    -------------------
    Y18                                               0.000     0.000 r  A[0] (IN)
                         net (fo=0)                   0.000     0.000    A[0]
    Y18                  IBUF (Prop_ibuf_I_O)         1.498     1.498 r  A_IBUF[0]_inst/O
                         net (fo=3, routed)           1.816     3.314    A_IBUF[0]
    SLICE_X43Y36         LUT4 (Prop_lut4_I1_O)        0.150     3.464 r  E_OBUF_inst_i_1/O
                         net (fo=1, routed)           2.813     6.278    E_OBUF
    G17                  OBUF (Prop_obuf_I_O)         3.728    10.006 r  E_OBUF_inst/O
                         net (fo=0)                   0.000    10.006    E
    G17                                                               r  E (OUT)
  -------------------------------------------------------------------    -------------------

Slack:                    inf
  Source:                 A[0]
                            (input port)
  Destination:            G
                            (output port)
  Path Group:             (none)
  Path Type:              Max at Slow Process Corner
  Data Path Delay:        9.419ns  (logic 5.154ns (54.715%)  route 4.266ns (45.285%))
  Logic Levels:           3  (IBUF=1 LUT4=1 OBUF=1)

    Location             Delay type                Incr(ns)  Path(ns)    Netlist Resource(s)
  -------------------------------------------------------------------    -------------------
    Y18                                               0.000     0.000 r  A[0] (IN)
                         net (fo=0)                   0.000     0.000    A[0]
    Y18                  IBUF (Prop_ibuf_I_O)         1.498     1.498 r  A_IBUF[0]_inst/O
                         net (fo=3, routed)           1.816     3.314    A_IBUF[0]
    SLICE_X43Y36         LUT4 (Prop_lut4_I2_O)        0.124     3.438 r  G_OBUF_inst_i_1/O
                         net (fo=1, routed)           2.450     5.888    G_OBUF
    N15                  OBUF (Prop_obuf_I_O)         3.532     9.419 r  G_OBUF_inst/O
                         net (fo=0)                   0.000     9.419    G
    N15                                                               r  G (OUT)
  -------------------------------------------------------------------    -------------------

Slack:                    inf
  Source:                 A[0]
                            (input port)
  Destination:            L
                            (output port)
  Path Group:             (none)
  Path Type:              Max at Slow Process Corner
  Data Path Delay:        9.246ns  (logic 5.168ns (55.895%)  route 4.078ns (44.105%))
  Logic Levels:           3  (IBUF=1 LUT4=1 OBUF=1)

    Location             Delay type                Incr(ns)  Path(ns)    Netlist Resource(s)
  -------------------------------------------------------------------    -------------------
    Y18                                               0.000     0.000 f  A[0] (IN)
                         net (fo=0)                   0.000     0.000    A[0]
    Y18                  IBUF (Prop_ibuf_I_O)         1.498     1.498 f  A_IBUF[0]_inst/O
                         net (fo=3, routed)           1.821     3.319    A_IBUF[0]
    SLICE_X43Y36         LUT4 (Prop_lut4_I3_O)        0.124     3.443 r  L_OBUF_inst_i_1/O
                         net (fo=1, routed)           2.257     5.700    L_OBUF
    L15                  OBUF (Prop_obuf_I_O)         3.546     9.246 r  L_OBUF_inst/O
                         net (fo=0)                   0.000     9.246    L
    L15                                                               r  L (OUT)
  -------------------------------------------------------------------    -------------------





Min Delay Paths
--------------------------------------------------------------------------------------
Slack:                    inf
  Source:                 B[0]
                            (input port)
  Destination:            L
                            (output port)
  Path Group:             (none)
  Path Type:              Min at Fast Process Corner
  Data Path Delay:        2.548ns  (logic 1.625ns (63.790%)  route 0.923ns (36.210%))
  Logic Levels:           3  (IBUF=1 LUT4=1 OBUF=1)

    Location             Delay type                Incr(ns)  Path(ns)    Netlist Resource(s)
  -------------------------------------------------------------------    -------------------
    Y16                                               0.000     0.000 r  B[0] (IN)
                         net (fo=0)                   0.000     0.000    B[0]
    Y16                  IBUF (Prop_ibuf_I_O)         0.334     0.334 r  B_IBUF[0]_inst/O
                         net (fo=3, routed)           0.336     0.670    B_IBUF[0]
    SLICE_X43Y36         LUT4 (Prop_lut4_I2_O)        0.045     0.715 r  L_OBUF_inst_i_1/O
                         net (fo=1, routed)           0.587     1.302    L_OBUF
    L15                  OBUF (Prop_obuf_I_O)         1.247     2.548 r  L_OBUF_inst/O
                         net (fo=0)                   0.000     2.548    L
    L15                                                               r  L (OUT)
  -------------------------------------------------------------------    -------------------

Slack:                    inf
  Source:                 B[0]
                            (input port)
  Destination:            G
                            (output port)
  Path Group:             (none)
  Path Type:              Min at Fast Process Corner
  Data Path Delay:        2.610ns  (logic 1.611ns (61.749%)  route 0.998ns (38.251%))
  Logic Levels:           3  (IBUF=1 LUT4=1 OBUF=1)

    Location             Delay type                Incr(ns)  Path(ns)    Netlist Resource(s)
  -------------------------------------------------------------------    -------------------
    Y16                                               0.000     0.000 f  B[0] (IN)
                         net (fo=0)                   0.000     0.000    B[0]
    Y16                  IBUF (Prop_ibuf_I_O)         0.334     0.334 f  B_IBUF[0]_inst/O
                         net (fo=3, routed)           0.335     0.669    B_IBUF[0]
    SLICE_X43Y36         LUT4 (Prop_lut4_I3_O)        0.045     0.714 r  G_OBUF_inst_i_1/O
                         net (fo=1, routed)           0.664     1.377    G_OBUF
    N15                  OBUF (Prop_obuf_I_O)         1.232     2.610 r  G_OBUF_inst/O
                         net (fo=0)                   0.000     2.610    G
    N15                                                               r  G (OUT)
  -------------------------------------------------------------------    -------------------

Slack:                    inf
  Source:                 B[0]
                            (input port)
  Destination:            E
                            (output port)
  Path Group:             (none)
  Path Type:              Min at Fast Process Corner
  Data Path Delay:        2.827ns  (logic 1.671ns (59.106%)  route 1.156ns (40.894%))
  Logic Levels:           3  (IBUF=1 LUT4=1 OBUF=1)

    Location             Delay type                Incr(ns)  Path(ns)    Netlist Resource(s)
  -------------------------------------------------------------------    -------------------
    Y16                                               0.000     0.000 r  B[0] (IN)
                         net (fo=0)                   0.000     0.000    B[0]
    Y16                  IBUF (Prop_ibuf_I_O)         0.334     0.334 r  B_IBUF[0]_inst/O
                         net (fo=3, routed)           0.335     0.669    B_IBUF[0]
    SLICE_X43Y36         LUT4 (Prop_lut4_I0_O)        0.048     0.717 r  E_OBUF_inst_i_1/O
                         net (fo=1, routed)           0.821     1.538    E_OBUF
    G17                  OBUF (Prop_obuf_I_O)         1.289     2.827 r  E_OBUF_inst/O
                         net (fo=0)                   0.000     2.827    E
    G17                                                               r  E (OUT)
  -------------------------------------------------------------------    -------------------





