Copyright 1986-2022 Xilinx, Inc. All Rights Reserved. Copyright 2022-2023 Advanced Micro Devices, Inc. All Rights Reserved.
---------------------------------------------------------------------------------------------------------------------------------------------------------------------------------------------------------------
| Tool Version : Vivado v.2023.2 (win64) Build 4029153 Fri Oct 13 20:14:34 MDT 2023
| Date         : Tue Oct  8 10:35:51 2024
| Host         : COMSYS01 running 64-bit major release  (build 9200)
| Command      : report_timing_summary -max_paths 10 -report_unconstrained -file count3_timing_summary_routed.rpt -pb count3_timing_summary_routed.pb -rpx count3_timing_summary_routed.rpx -warn_on_violation
| Design       : count3
| Device       : 7z007s-clg400
| Speed File   : -1  PRODUCTION 1.12 2019-11-22
| Design State : Routed
---------------------------------------------------------------------------------------------------------------------------------------------------------------------------------------------------------------

Timing Summary Report

------------------------------------------------------------------------------------------------
| Timer Settings
| --------------
------------------------------------------------------------------------------------------------

  Enable Multi Corner Analysis               :  Yes
  Enable Pessimism Removal                   :  Yes
  Pessimism Removal Resolution               :  Nearest Common Node
  Enable Input Delay Default Clock           :  No
  Enable Preset / Clear Arcs                 :  No
  Disable Flight Delays                      :  No
  Ignore I/O Paths                           :  No
  Timing Early Launch at Borrowing Latches   :  No
  Borrow Time for Max Delay Exceptions       :  Yes
  Merge Timing Exceptions                    :  Yes
  Inter-SLR Compensation                     :  Conservative

  Corner  Analyze    Analyze    
  Name    Max Paths  Min Paths  
  ------  ---------  ---------  
  Slow    Yes        Yes        
  Fast    Yes        Yes        


------------------------------------------------------------------------------------------------
| Report Methodology
| ------------------
------------------------------------------------------------------------------------------------

Rule       Severity          Description                  Violations  
---------  ----------------  ---------------------------  ----------  
TIMING-17  Critical Warning  Non-clocked sequential cell  3           

Note: This report is based on the most recent report_methodology run and may not be up-to-date. Run report_methodology on the current design for the latest report.



check_timing report

Table of Contents
-----------------
1. checking no_clock (3)
2. checking constant_clock (0)
3. checking pulse_width_clock (0)
4. checking unconstrained_internal_endpoints (3)
5. checking no_input_delay (1)
6. checking no_output_delay (3)
7. checking multiple_clock (0)
8. checking generated_clocks (0)
9. checking loops (0)
10. checking partial_input_delay (0)
11. checking partial_output_delay (0)
12. checking latch_loops (0)

1. checking no_clock (3)
------------------------
 There are 3 register/latch pins with no clock driven by root clock pin: clk (HIGH)


2. checking constant_clock (0)
------------------------------
 There are 0 register/latch pins with constant_clock.


3. checking pulse_width_clock (0)
---------------------------------
 There are 0 register/latch pins which need pulse_width check


4. checking unconstrained_internal_endpoints (3)
------------------------------------------------
 There are 3 pins that are not constrained for maximum delay. (HIGH)

 There are 0 pins that are not constrained for maximum delay due to constant clock.


5. checking no_input_delay (1)
------------------------------
 There is 1 input port with no input delay specified. (HIGH)

 There are 0 input ports with no input delay but user has a false path constraint.


6. checking no_output_delay (3)
-------------------------------
 There are 3 ports with no output delay specified. (HIGH)

 There are 0 ports with no output delay but user has a false path constraint

 There are 0 ports with no output delay but with a timing clock defined on it or propagating through it


7. checking multiple_clock (0)
------------------------------
 There are 0 register/latch pins with multiple clocks.


8. checking generated_clocks (0)
--------------------------------
 There are 0 generated clocks that are not connected to a clock source.


9. checking loops (0)
---------------------
 There are 0 combinational loops in the design.


10. checking partial_input_delay (0)
------------------------------------
 There are 0 input ports with partial input delay specified.


11. checking partial_output_delay (0)
-------------------------------------
 There are 0 ports with partial output delay specified.


12. checking latch_loops (0)
----------------------------
 There are 0 combinational latch loops in the design through latch input



------------------------------------------------------------------------------------------------
| Design Timing Summary
| ---------------------
------------------------------------------------------------------------------------------------

    WNS(ns)      TNS(ns)  TNS Failing Endpoints  TNS Total Endpoints      WHS(ns)      THS(ns)  THS Failing Endpoints  THS Total Endpoints     WPWS(ns)     TPWS(ns)  TPWS Failing Endpoints  TPWS Total Endpoints  
    -------      -------  ---------------------  -------------------      -------      -------  ---------------------  -------------------     --------     --------  ----------------------  --------------------  
        inf        0.000                      0                    6          inf        0.000                      0                    6           NA           NA                      NA                    NA  


There are no user specified timing constraints.


------------------------------------------------------------------------------------------------
| Clock Summary
| -------------
------------------------------------------------------------------------------------------------


------------------------------------------------------------------------------------------------
| Intra Clock Table
| -----------------
------------------------------------------------------------------------------------------------

Clock             WNS(ns)      TNS(ns)  TNS Failing Endpoints  TNS Total Endpoints      WHS(ns)      THS(ns)  THS Failing Endpoints  THS Total Endpoints     WPWS(ns)     TPWS(ns)  TPWS Failing Endpoints  TPWS Total Endpoints  
-----             -------      -------  ---------------------  -------------------      -------      -------  ---------------------  -------------------     --------     --------  ----------------------  --------------------  


------------------------------------------------------------------------------------------------
| Inter Clock Table
| -----------------
------------------------------------------------------------------------------------------------

From Clock    To Clock          WNS(ns)      TNS(ns)  TNS Failing Endpoints  TNS Total Endpoints      WHS(ns)      THS(ns)  THS Failing Endpoints  THS Total Endpoints  
----------    --------          -------      -------  ---------------------  -------------------      -------      -------  ---------------------  -------------------  


------------------------------------------------------------------------------------------------
| Other Path Groups Table
| -----------------------
------------------------------------------------------------------------------------------------

Path Group    From Clock    To Clock          WNS(ns)      TNS(ns)  TNS Failing Endpoints  TNS Total Endpoints      WHS(ns)      THS(ns)  THS Failing Endpoints  THS Total Endpoints  
----------    ----------    --------          -------      -------  ---------------------  -------------------      -------      -------  ---------------------  -------------------  


------------------------------------------------------------------------------------------------
| User Ignored Path Table
| -----------------------
------------------------------------------------------------------------------------------------

Path Group    From Clock    To Clock    
----------    ----------    --------    


------------------------------------------------------------------------------------------------
| Unconstrained Path Table
| ------------------------
------------------------------------------------------------------------------------------------

Path Group    From Clock    To Clock    
----------    ----------    --------    
(none)                                    


------------------------------------------------------------------------------------------------
| Timing Details
| --------------
------------------------------------------------------------------------------------------------


--------------------------------------------------------------------------------------
Path Group:  (none)
From Clock:  
  To Clock:  

Max Delay             6 Endpoints
Min Delay             6 Endpoints
--------------------------------------------------------------------------------------


Max Delay Paths
--------------------------------------------------------------------------------------
Slack:                    inf
  Source:                 dff1/q_reg/C
                            (rising edge-triggered cell FDRE)
  Destination:            q[1]
                            (output port)
  Path Group:             (none)
  Path Type:              Max at Slow Process Corner
  Data Path Delay:        6.328ns  (logic 4.234ns (66.915%)  route 2.094ns (33.085%))
  Logic Levels:           2  (FDRE=1 OBUF=1)

    Location             Delay type                Incr(ns)  Path(ns)    Netlist Resource(s)
  -------------------------------------------------------------------    -------------------
    SLICE_X43Y42         FDRE                         0.000     0.000 r  dff1/q_reg/C
    SLICE_X43Y42         FDRE (Prop_fdre_C_Q)         0.419     0.419 r  dff1/q_reg/Q
                         net (fo=3, routed)           2.094     2.513    q_OBUF[1]
    Y14                  OBUF (Prop_obuf_I_O)         3.815     6.328 r  q_OBUF[1]_inst/O
                         net (fo=0)                   0.000     6.328    q[1]
    Y14                                                               r  q[1] (OUT)
  -------------------------------------------------------------------    -------------------

Slack:                    inf
  Source:                 dff0/q_reg/C
                            (rising edge-triggered cell FDRE)
  Destination:            q[0]
                            (output port)
  Path Group:             (none)
  Path Type:              Max at Slow Process Corner
  Data Path Delay:        6.023ns  (logic 4.094ns (67.961%)  route 1.930ns (32.039%))
  Logic Levels:           2  (FDRE=1 OBUF=1)

    Location             Delay type                Incr(ns)  Path(ns)    Netlist Resource(s)
  -------------------------------------------------------------------    -------------------
    SLICE_X43Y42         FDRE                         0.000     0.000 r  dff0/q_reg/C
    SLICE_X43Y42         FDRE (Prop_fdre_C_Q)         0.456     0.456 r  dff0/q_reg/Q
                         net (fo=4, routed)           1.930     2.386    q_OBUF[0]
    W14                  OBUF (Prop_obuf_I_O)         3.638     6.023 r  q_OBUF[0]_inst/O
                         net (fo=0)                   0.000     6.023    q[0]
    W14                                                               r  q[0] (OUT)
  -------------------------------------------------------------------    -------------------

Slack:                    inf
  Source:                 dff2/q_reg/C
                            (rising edge-triggered cell FDRE)
  Destination:            q[2]
                            (output port)
  Path Group:             (none)
  Path Type:              Max at Slow Process Corner
  Data Path Delay:        5.808ns  (logic 4.076ns (70.174%)  route 1.732ns (29.826%))
  Logic Levels:           2  (FDRE=1 OBUF=1)

    Location             Delay type                Incr(ns)  Path(ns)    Netlist Resource(s)
  -------------------------------------------------------------------    -------------------
    SLICE_X43Y42         FDRE                         0.000     0.000 r  dff2/q_reg/C
    SLICE_X43Y42         FDRE (Prop_fdre_C_Q)         0.456     0.456 r  dff2/q_reg/Q
                         net (fo=2, routed)           1.732     2.188    q_OBUF[2]
    T11                  OBUF (Prop_obuf_I_O)         3.620     5.808 r  q_OBUF[2]_inst/O
                         net (fo=0)                   0.000     5.808    q[2]
    T11                                                               r  q[2] (OUT)
  -------------------------------------------------------------------    -------------------

Slack:                    inf
  Source:                 rst
                            (input port)
  Destination:            dff2/q_reg/D
  Path Group:             (none)
  Path Type:              Max at Slow Process Corner
  Data Path Delay:        4.260ns  (logic 1.601ns (37.588%)  route 2.659ns (62.412%))
  Logic Levels:           2  (IBUF=1 LUT4=1)

    Location             Delay type                Incr(ns)  Path(ns)    Netlist Resource(s)
  -------------------------------------------------------------------    -------------------
    D19                                               0.000     0.000 f  rst (IN)
                         net (fo=0)                   0.000     0.000    rst
    D19                  IBUF (Prop_ibuf_I_O)         1.477     1.477 f  rst_IBUF_inst/O
                         net (fo=3, routed)           2.659     4.136    dff2/rst_IBUF
    SLICE_X43Y42         LUT4 (Prop_lut4_I3_O)        0.124     4.260 r  dff2/q_i_1__0/O
                         net (fo=1, routed)           0.000     4.260    dff2/q_i_1__0_n_0
    SLICE_X43Y42         FDRE                                         r  dff2/q_reg/D
  -------------------------------------------------------------------    -------------------

Slack:                    inf
  Source:                 rst
                            (input port)
  Destination:            dff0/q_reg/D
  Path Group:             (none)
  Path Type:              Max at Slow Process Corner
  Data Path Delay:        4.256ns  (logic 1.601ns (37.624%)  route 2.655ns (62.376%))
  Logic Levels:           2  (IBUF=1 LUT2=1)

    Location             Delay type                Incr(ns)  Path(ns)    Netlist Resource(s)
  -------------------------------------------------------------------    -------------------
    D19                                               0.000     0.000 f  rst (IN)
                         net (fo=0)                   0.000     0.000    rst
    D19                  IBUF (Prop_ibuf_I_O)         1.477     1.477 f  rst_IBUF_inst/O
                         net (fo=3, routed)           2.655     4.132    dff0/rst_IBUF
    SLICE_X43Y42         LUT2 (Prop_lut2_I1_O)        0.124     4.256 r  dff0/q_i_1__1/O
                         net (fo=1, routed)           0.000     4.256    dff0/q_i_1__1_n_0
    SLICE_X43Y42         FDRE                                         r  dff0/q_reg/D
  -------------------------------------------------------------------    -------------------

Slack:                    inf
  Source:                 rst
                            (input port)
  Destination:            dff1/q_reg/D
  Path Group:             (none)
  Path Type:              Max at Slow Process Corner
  Data Path Delay:        4.250ns  (logic 1.595ns (37.536%)  route 2.655ns (62.464%))
  Logic Levels:           2  (IBUF=1 LUT3=1)

    Location             Delay type                Incr(ns)  Path(ns)    Netlist Resource(s)
  -------------------------------------------------------------------    -------------------
    D19                                               0.000     0.000 f  rst (IN)
                         net (fo=0)                   0.000     0.000    rst
    D19                  IBUF (Prop_ibuf_I_O)         1.477     1.477 f  rst_IBUF_inst/O
                         net (fo=3, routed)           2.655     4.132    dff0/rst_IBUF
    SLICE_X43Y42         LUT3 (Prop_lut3_I2_O)        0.118     4.250 r  dff0/q_i_1/O
                         net (fo=1, routed)           0.000     4.250    dff1/q_reg_1
    SLICE_X43Y42         FDRE                                         r  dff1/q_reg/D
  -------------------------------------------------------------------    -------------------





Min Delay Paths
--------------------------------------------------------------------------------------
Slack:                    inf
  Source:                 dff1/q_reg/C
                            (rising edge-triggered cell FDRE)
  Destination:            dff2/q_reg/D
  Path Group:             (none)
  Path Type:              Min at Fast Process Corner
  Data Path Delay:        0.313ns  (logic 0.227ns (72.479%)  route 0.086ns (27.521%))
  Logic Levels:           2  (FDRE=1 LUT4=1)

    Location             Delay type                Incr(ns)  Path(ns)    Netlist Resource(s)
  -------------------------------------------------------------------    -------------------
    SLICE_X43Y42         FDRE                         0.000     0.000 r  dff1/q_reg/C
    SLICE_X43Y42         FDRE (Prop_fdre_C_Q)         0.128     0.128 r  dff1/q_reg/Q
                         net (fo=3, routed)           0.086     0.214    dff2/q_reg_0[1]
    SLICE_X43Y42         LUT4 (Prop_lut4_I2_O)        0.099     0.313 r  dff2/q_i_1__0/O
                         net (fo=1, routed)           0.000     0.313    dff2/q_i_1__0_n_0
    SLICE_X43Y42         FDRE                                         r  dff2/q_reg/D
  -------------------------------------------------------------------    -------------------

Slack:                    inf
  Source:                 dff0/q_reg/C
                            (rising edge-triggered cell FDRE)
  Destination:            dff1/q_reg/D
  Path Group:             (none)
  Path Type:              Min at Fast Process Corner
  Data Path Delay:        0.365ns  (logic 0.183ns (50.196%)  route 0.182ns (49.804%))
  Logic Levels:           2  (FDRE=1 LUT3=1)

    Location             Delay type                Incr(ns)  Path(ns)    Netlist Resource(s)
  -------------------------------------------------------------------    -------------------
    SLICE_X43Y42         FDRE                         0.000     0.000 r  dff0/q_reg/C
    SLICE_X43Y42         FDRE (Prop_fdre_C_Q)         0.141     0.141 r  dff0/q_reg/Q
                         net (fo=4, routed)           0.182     0.323    dff0/q_OBUF[0]
    SLICE_X43Y42         LUT3 (Prop_lut3_I0_O)        0.042     0.365 r  dff0/q_i_1/O
                         net (fo=1, routed)           0.000     0.365    dff1/q_reg_1
    SLICE_X43Y42         FDRE                                         r  dff1/q_reg/D
  -------------------------------------------------------------------    -------------------

Slack:                    inf
  Source:                 dff0/q_reg/C
                            (rising edge-triggered cell FDRE)
  Destination:            dff0/q_reg/D
  Path Group:             (none)
  Path Type:              Min at Fast Process Corner
  Data Path Delay:        0.368ns  (logic 0.186ns (50.602%)  route 0.182ns (49.398%))
  Logic Levels:           2  (FDRE=1 LUT2=1)

    Location             Delay type                Incr(ns)  Path(ns)    Netlist Resource(s)
  -------------------------------------------------------------------    -------------------
    SLICE_X43Y42         FDRE                         0.000     0.000 r  dff0/q_reg/C
    SLICE_X43Y42         FDRE (Prop_fdre_C_Q)         0.141     0.141 f  dff0/q_reg/Q
                         net (fo=4, routed)           0.182     0.323    dff0/q_OBUF[0]
    SLICE_X43Y42         LUT2 (Prop_lut2_I0_O)        0.045     0.368 r  dff0/q_i_1__1/O
                         net (fo=1, routed)           0.000     0.368    dff0/q_i_1__1_n_0
    SLICE_X43Y42         FDRE                                         r  dff0/q_reg/D
  -------------------------------------------------------------------    -------------------

Slack:                    inf
  Source:                 dff2/q_reg/C
                            (rising edge-triggered cell FDRE)
  Destination:            q[2]
                            (output port)
  Path Group:             (none)
  Path Type:              Min at Fast Process Corner
  Data Path Delay:        1.835ns  (logic 1.461ns (79.602%)  route 0.374ns (20.398%))
  Logic Levels:           2  (FDRE=1 OBUF=1)

    Location             Delay type                Incr(ns)  Path(ns)    Netlist Resource(s)
  -------------------------------------------------------------------    -------------------
    SLICE_X43Y42         FDRE                         0.000     0.000 r  dff2/q_reg/C
    SLICE_X43Y42         FDRE (Prop_fdre_C_Q)         0.141     0.141 r  dff2/q_reg/Q
                         net (fo=2, routed)           0.374     0.515    q_OBUF[2]
    T11                  OBUF (Prop_obuf_I_O)         1.320     1.835 r  q_OBUF[2]_inst/O
                         net (fo=0)                   0.000     1.835    q[2]
    T11                                                               r  q[2] (OUT)
  -------------------------------------------------------------------    -------------------

Slack:                    inf
  Source:                 dff0/q_reg/C
                            (rising edge-triggered cell FDRE)
  Destination:            q[0]
                            (output port)
  Path Group:             (none)
  Path Type:              Min at Fast Process Corner
  Data Path Delay:        1.936ns  (logic 1.478ns (76.354%)  route 0.458ns (23.646%))
  Logic Levels:           2  (FDRE=1 OBUF=1)

    Location             Delay type                Incr(ns)  Path(ns)    Netlist Resource(s)
  -------------------------------------------------------------------    -------------------
    SLICE_X43Y42         FDRE                         0.000     0.000 r  dff0/q_reg/C
    SLICE_X43Y42         FDRE (Prop_fdre_C_Q)         0.141     0.141 r  dff0/q_reg/Q
                         net (fo=4, routed)           0.458     0.599    q_OBUF[0]
    W14                  OBUF (Prop_obuf_I_O)         1.337     1.936 r  q_OBUF[0]_inst/O
                         net (fo=0)                   0.000     1.936    q[0]
    W14                                                               r  q[0] (OUT)
  -------------------------------------------------------------------    -------------------

Slack:                    inf
  Source:                 dff1/q_reg/C
                            (rising edge-triggered cell FDRE)
  Destination:            q[1]
                            (output port)
  Path Group:             (none)
  Path Type:              Min at Fast Process Corner
  Data Path Delay:        2.052ns  (logic 1.522ns (74.153%)  route 0.531ns (25.847%))
  Logic Levels:           2  (FDRE=1 OBUF=1)

    Location             Delay type                Incr(ns)  Path(ns)    Netlist Resource(s)
  -------------------------------------------------------------------    -------------------
    SLICE_X43Y42         FDRE                         0.000     0.000 r  dff1/q_reg/C
    SLICE_X43Y42         FDRE (Prop_fdre_C_Q)         0.128     0.128 r  dff1/q_reg/Q
                         net (fo=3, routed)           0.531     0.659    q_OBUF[1]
    Y14                  OBUF (Prop_obuf_I_O)         1.394     2.052 r  q_OBUF[1]_inst/O
                         net (fo=0)                   0.000     2.052    q[1]
    Y14                                                               r  q[1] (OUT)
  -------------------------------------------------------------------    -------------------





